24-11-08.00:21:38.393 [SpringApplicationShutdownHook] INFO  HikariDataSource       - HikariPool-1 - Shutdown initiated...
24-11-08.00:21:38.431 [SpringApplicationShutdownHook] INFO  HikariDataSource       - HikariPool-1 - Shutdown completed.
24-11-08.00:40:57.596 [main            ] INFO  Application            - Starting Application using Java 1.8.0_391 on LAPTOP-ERGMVDKD with PID 143528 (D:\s-pay-mall-mvc-jiumeng\s-pay-mall-web\target\classes started by LENOVO in D:\s-pay-mall-mvc-jiumeng)
24-11-08.00:40:57.598 [main            ] INFO  Application            - The following 1 profile is active: "dev"
24-11-08.00:40:58.203 [main            ] INFO  TomcatWebServer        - Tomcat initialized with port(s): 8092 (http)
24-11-08.00:40:58.208 [main            ] INFO  Http11NioProtocol      - Initializing ProtocolHandler ["http-nio-8092"]
24-11-08.00:40:58.209 [main            ] INFO  StandardService        - Starting service [Tomcat]
24-11-08.00:40:58.209 [main            ] INFO  StandardEngine         - Starting Servlet engine: [Apache Tomcat/9.0.75]
24-11-08.00:40:58.340 [main            ] INFO  [/]                    - Initializing Spring embedded WebApplicationContext
24-11-08.00:40:58.340 [main            ] INFO  ServletWebServerApplicationContext - Root WebApplicationContext: initialization completed in 718 ms
24-11-08.00:40:59.274 [main            ] INFO  Http11NioProtocol      - Starting ProtocolHandler ["http-nio-8092"]
24-11-08.00:40:59.285 [main            ] INFO  TomcatWebServer        - Tomcat started on port(s): 8092 (http) with context path ''
24-11-08.00:40:59.293 [main            ] INFO  Application            - Started Application in 1.993 seconds (JVM running for 2.834)
24-11-08.00:42:37.842 [http-nio-8092-exec-1] INFO  [/]                    - Initializing Spring DispatcherServlet 'dispatcherServlet'
24-11-08.00:42:37.842 [http-nio-8092-exec-1] INFO  DispatcherServlet      - Initializing Servlet 'dispatcherServlet'
24-11-08.00:42:37.843 [http-nio-8092-exec-1] INFO  DispatcherServlet      - Completed initialization in 1 ms
24-11-08.00:42:37.904 [http-nio-8092-exec-1] INFO  AliPayController       - 商品下单，根据商品ID创建支付单开始 userId:hongrui productId:hongrui
24-11-08.00:42:37.916 [http-nio-8092-exec-1] INFO  HikariDataSource       - HikariPool-1 - Starting...
24-11-08.00:42:38.050 [http-nio-8092-exec-1] INFO  HikariDataSource       - HikariPool-1 - Start completed.
24-11-08.00:42:38.157 [http-nio-8092-exec-1] INFO  AliPayController       - 商品下单，根据商品ID创建支付单完成 userId:hongrui productId:19009019011 orderId:6985511887569257
24-11-08.00:46:39.391 [SpringApplicationShutdownHook] INFO  HikariDataSource       - HikariPool-1 - Shutdown initiated...
24-11-08.00:46:39.400 [SpringApplicationShutdownHook] INFO  HikariDataSource       - HikariPool-1 - Shutdown completed.
24-11-08.00:46:41.918 [main            ] INFO  Application            - Starting Application using Java 1.8.0_391 on LAPTOP-ERGMVDKD with PID 113740 (D:\s-pay-mall-mvc-jiumeng\s-pay-mall-web\target\classes started by LENOVO in D:\s-pay-mall-mvc-jiumeng)
24-11-08.00:46:41.919 [main            ] INFO  Application            - The following 1 profile is active: "dev"
24-11-08.00:46:42.541 [main            ] INFO  TomcatWebServer        - Tomcat initialized with port(s): 8092 (http)
24-11-08.00:46:42.545 [main            ] INFO  Http11NioProtocol      - Initializing ProtocolHandler ["http-nio-8092"]
24-11-08.00:46:42.546 [main            ] INFO  StandardService        - Starting service [Tomcat]
24-11-08.00:46:42.546 [main            ] INFO  StandardEngine         - Starting Servlet engine: [Apache Tomcat/9.0.75]
24-11-08.00:46:42.671 [main            ] INFO  [/]                    - Initializing Spring embedded WebApplicationContext
24-11-08.00:46:42.671 [main            ] INFO  ServletWebServerApplicationContext - Root WebApplicationContext: initialization completed in 725 ms
24-11-08.00:46:43.561 [main            ] INFO  Http11NioProtocol      - Starting ProtocolHandler ["http-nio-8092"]
24-11-08.00:46:43.571 [main            ] INFO  TomcatWebServer        - Tomcat started on port(s): 8092 (http) with context path ''
24-11-08.00:46:43.579 [main            ] INFO  Application            - Started Application in 1.949 seconds (JVM running for 2.741)
24-11-08.00:46:58.903 [http-nio-8092-exec-1] INFO  [/]                    - Initializing Spring DispatcherServlet 'dispatcherServlet'
24-11-08.00:46:58.903 [http-nio-8092-exec-1] INFO  DispatcherServlet      - Initializing Servlet 'dispatcherServlet'
24-11-08.00:46:58.903 [http-nio-8092-exec-1] INFO  DispatcherServlet      - Completed initialization in 0 ms
24-11-08.00:46:58.966 [http-nio-8092-exec-1] INFO  AliPayController       - 商品下单，根据商品ID创建支付单开始 userId:hongrui1 productId:hongrui1
24-11-08.00:46:58.978 [http-nio-8092-exec-1] INFO  HikariDataSource       - HikariPool-1 - Starting...
24-11-08.00:46:59.114 [http-nio-8092-exec-1] INFO  HikariDataSource       - HikariPool-1 - Start completed.
24-11-08.00:46:59.213 [http-nio-8092-exec-1] INFO  AliPayController       - 商品下单，根据商品ID创建支付单完成 userId:hongrui1 productId:190090190111 orderId:0133041430449572
24-11-08.00:50:45.475 [HikariPool-1 housekeeper] WARN  HikariPool             - HikariPool-1 - Thread starvation or clock leap detected (housekeeper delta=1m16s217ms744µs).
24-11-08.00:50:45.476 [scheduling-1    ] INFO  TimeoutCloseOrderJob   - 任务；超时30分钟订单关闭
24-11-08.00:50:45.491 [http-nio-8092-exec-3] INFO  AliPayController       - 支付回调，消息接收 TRADE_SUCCESS
24-11-08.00:50:45.505 [scheduling-1    ] INFO  TimeoutCloseOrderJob   - 定时任务，超时30分钟订单关闭 orderId: 2654728809266708 status：true
24-11-08.00:50:48.529 [scheduling-1    ] INFO  TimeoutCloseOrderJob   - 定时任务，超时30分钟订单关闭 orderId: 3053942749266708 status：true
24-11-08.00:50:51.640 [scheduling-1    ] INFO  TimeoutCloseOrderJob   - 定时任务，超时30分钟订单关闭 orderId: 6175513531433591 status：true
24-11-08.00:51:14.128 [http-nio-8092-exec-3] INFO  AliPayController       - 支付回调，交易名称: 测试商品
24-11-08.00:51:14.128 [http-nio-8092-exec-3] INFO  AliPayController       - 支付回调，交易状态: TRADE_SUCCESS
24-11-08.00:51:14.128 [http-nio-8092-exec-3] INFO  AliPayController       - 支付回调，支付宝交易凭证号: 2024110822001496190504691594
24-11-08.00:51:14.128 [http-nio-8092-exec-3] INFO  AliPayController       - 支付回调，商户订单号: 0133041430449572
24-11-08.00:51:14.128 [http-nio-8092-exec-3] INFO  AliPayController       - 支付回调，交易金额: 1.68
24-11-08.00:51:14.128 [http-nio-8092-exec-3] INFO  AliPayController       - 支付回调，买家在支付宝唯一id: 2088722049296193
24-11-08.00:51:14.129 [http-nio-8092-exec-3] INFO  AliPayController       - 支付回调，买家付款时间: 2024-11-08 00:49:41
24-11-08.00:51:14.129 [http-nio-8092-exec-3] INFO  AliPayController       - 支付回调，买家付款金额: 1.68
24-11-08.00:51:14.129 [http-nio-8092-exec-3] INFO  AliPayController       - 支付回调，支付回调，更新订单 0133041430449572
24-11-08.00:51:17.773 [http-nio-8092-exec-3] INFO  OrderPaySuccessListener - 收到支付成功消息，可以做接下来的事情，如；发货、充值、开户员、返利 {"orderId":"0133041430449572","status":"PAY_SUCCESS"}
24-11-08.01:33:35.973 [scheduling-1    ] INFO  TimeoutCloseOrderJob   - 任务；超时30分钟订单关闭
24-11-08.01:33:35.973 [HikariPool-1 housekeeper] WARN  HikariPool             - HikariPool-1 - Thread starvation or clock leap detected (housekeeper delta=33m48s71ms200µs500ns).
24-11-08.01:33:36.009 [scheduling-1    ] INFO  TimeoutCloseOrderJob   - 定时任务，超时30分钟订单关闭 orderId: 6985511887569257 status：true
24-11-08.01:33:36.020 [http-nio-8092-exec-5] ERROR [localhost]            - Exception Processing ErrorPage[errorCode=0, location=/error]
org.apache.catalina.connector.ClientAbortException: java.io.IOException: 你的主机中的软件中止了一个已建立的连接。
	at org.apache.catalina.connector.OutputBuffer.doFlush(OutputBuffer.java:309)
	at org.apache.catalina.connector.OutputBuffer.flush(OutputBuffer.java:271)
	at org.apache.catalina.connector.CoyoteOutputStream.flush(CoyoteOutputStream.java:118)
	at java.io.FilterOutputStream.flush(FilterOutputStream.java:140)
	at com.fasterxml.jackson.core.json.UTF8JsonGenerator.flush(UTF8JsonGenerator.java:1187)
	at com.fasterxml.jackson.databind.ObjectWriter.writeValue(ObjectWriter.java:1009)
	at org.springframework.http.converter.json.AbstractJackson2HttpMessageConverter.writeInternal(AbstractJackson2HttpMessageConverter.java:456)
	at org.springframework.http.converter.AbstractGenericHttpMessageConverter.write(AbstractGenericHttpMessageConverter.java:104)
	at org.springframework.web.servlet.mvc.method.annotation.AbstractMessageConverterMethodProcessor.writeWithMessageConverters(AbstractMessageConverterMethodProcessor.java:290)
	at org.springframework.web.servlet.mvc.method.annotation.HttpEntityMethodProcessor.handleReturnValue(HttpEntityMethodProcessor.java:219)
	at org.springframework.web.method.support.HandlerMethodReturnValueHandlerComposite.handleReturnValue(HandlerMethodReturnValueHandlerComposite.java:78)
	at org.springframework.web.servlet.mvc.method.annotation.ServletInvocableHandlerMethod.invokeAndHandle(ServletInvocableHandlerMethod.java:135)
	at org.springframework.web.servlet.mvc.method.annotation.RequestMappingHandlerAdapter.invokeHandlerMethod(RequestMappingHandlerAdapter.java:895)
	at org.springframework.web.servlet.mvc.method.annotation.RequestMappingHandlerAdapter.handleInternal(RequestMappingHandlerAdapter.java:808)
	at org.springframework.web.servlet.mvc.method.AbstractHandlerMethodAdapter.handle(AbstractHandlerMethodAdapter.java:87)
	at org.springframework.web.servlet.DispatcherServlet.doDispatch(DispatcherServlet.java:1072)
	at org.springframework.web.servlet.DispatcherServlet.doService(DispatcherServlet.java:965)
	at org.springframework.web.servlet.FrameworkServlet.processRequest(FrameworkServlet.java:1006)
	at org.springframework.web.servlet.FrameworkServlet.doGet(FrameworkServlet.java:898)
	at javax.servlet.http.HttpServlet.service(HttpServlet.java:529)
	at org.springframework.web.servlet.FrameworkServlet.service(FrameworkServlet.java:883)
	at javax.servlet.http.HttpServlet.service(HttpServlet.java:623)
	at org.apache.catalina.core.ApplicationFilterChain.internalDoFilter(ApplicationFilterChain.java:209)
	at org.apache.catalina.core.ApplicationFilterChain.doFilter(ApplicationFilterChain.java:153)
	at org.springframework.web.filter.RequestContextFilter.doFilterInternal(RequestContextFilter.java:100)
	at org.springframework.web.filter.OncePerRequestFilter.doFilter(OncePerRequestFilter.java:117)
	at org.apache.catalina.core.ApplicationFilterChain.internalDoFilter(ApplicationFilterChain.java:178)
	at org.apache.catalina.core.ApplicationFilterChain.doFilter(ApplicationFilterChain.java:153)
	at org.springframework.web.filter.OncePerRequestFilter.doFilter(OncePerRequestFilter.java:102)
	at org.apache.catalina.core.ApplicationFilterChain.internalDoFilter(ApplicationFilterChain.java:178)
	at org.apache.catalina.core.ApplicationFilterChain.doFilter(ApplicationFilterChain.java:153)
	at org.springframework.web.filter.OncePerRequestFilter.doFilter(OncePerRequestFilter.java:102)
	at org.apache.catalina.core.ApplicationFilterChain.internalDoFilter(ApplicationFilterChain.java:178)
	at org.apache.catalina.core.ApplicationFilterChain.doFilter(ApplicationFilterChain.java:153)
	at org.apache.catalina.core.ApplicationDispatcher.invoke(ApplicationDispatcher.java:661)
	at org.apache.catalina.core.ApplicationDispatcher.processRequest(ApplicationDispatcher.java:427)
	at org.apache.catalina.core.ApplicationDispatcher.doForward(ApplicationDispatcher.java:357)
	at org.apache.catalina.core.ApplicationDispatcher.forward(ApplicationDispatcher.java:294)
	at org.apache.catalina.core.StandardHostValve.custom(StandardHostValve.java:373)
	at org.apache.catalina.core.StandardHostValve.status(StandardHostValve.java:237)
	at org.apache.catalina.core.StandardHostValve.invoke(StandardHostValve.java:166)
	at org.apache.catalina.valves.ErrorReportValve.invoke(ErrorReportValve.java:93)
	at org.apache.catalina.core.StandardEngineValve.invoke(StandardEngineValve.java:74)
	at org.apache.catalina.connector.CoyoteAdapter.service(CoyoteAdapter.java:343)
	at org.apache.coyote.http11.Http11Processor.service(Http11Processor.java:390)
	at org.apache.coyote.AbstractProcessorLight.process(AbstractProcessorLight.java:63)
	at org.apache.coyote.AbstractProtocol$ConnectionHandler.process(AbstractProtocol.java:926)
	at org.apache.tomcat.util.net.NioEndpoint$SocketProcessor.doRun(NioEndpoint.java:1791)
	at org.apache.tomcat.util.net.SocketProcessorBase.run(SocketProcessorBase.java:52)
	at org.apache.tomcat.util.threads.ThreadPoolExecutor.runWorker(ThreadPoolExecutor.java:1191)
	at org.apache.tomcat.util.threads.ThreadPoolExecutor$Worker.run(ThreadPoolExecutor.java:659)
	at org.apache.tomcat.util.threads.TaskThread$WrappingRunnable.run(TaskThread.java:61)
	at java.lang.Thread.run(Thread.java:750)
Caused by: java.io.IOException: 你的主机中的软件中止了一个已建立的连接。
	at sun.nio.ch.SocketDispatcher.write0(Native Method)
	at sun.nio.ch.SocketDispatcher.write(SocketDispatcher.java:51)
	at sun.nio.ch.IOUtil.writeFromNativeBuffer(IOUtil.java:93)
	at sun.nio.ch.IOUtil.write(IOUtil.java:65)
	at sun.nio.ch.SocketChannelImpl.write(SocketChannelImpl.java:469)
	at org.apache.tomcat.util.net.NioChannel.write(NioChannel.java:136)
	at org.apache.tomcat.util.net.NioEndpoint$NioSocketWrapper.doWrite(NioEndpoint.java:1431)
	at org.apache.tomcat.util.net.SocketWrapperBase.doWrite(SocketWrapperBase.java:775)
	at org.apache.tomcat.util.net.SocketWrapperBase.flushBlocking(SocketWrapperBase.java:739)
	at org.apache.tomcat.util.net.SocketWrapperBase.flush(SocketWrapperBase.java:723)
	at org.apache.coyote.http11.Http11OutputBuffer$SocketOutputBuffer.flush(Http11OutputBuffer.java:566)
	at org.apache.coyote.http11.filters.ChunkedOutputFilter.flush(ChunkedOutputFilter.java:157)
	at org.apache.coyote.http11.Http11OutputBuffer.flush(Http11OutputBuffer.java:220)
	at org.apache.coyote.http11.Http11Processor.flush(Http11Processor.java:1246)
	at org.apache.coyote.AbstractProcessor.action(AbstractProcessor.java:398)
	at org.apache.coyote.Response.action(Response.java:207)
	at org.apache.catalina.connector.OutputBuffer.doFlush(OutputBuffer.java:305)
	... 52 common frames omitted
24-11-08.01:33:36.020 [http-nio-8092-exec-4] ERROR [localhost]            - Exception Processing ErrorPage[errorCode=0, location=/error]
org.apache.catalina.connector.ClientAbortException: java.io.IOException: 你的主机中的软件中止了一个已建立的连接。
	at org.apache.catalina.connector.OutputBuffer.doFlush(OutputBuffer.java:309)
	at org.apache.catalina.connector.OutputBuffer.flush(OutputBuffer.java:271)
	at org.apache.catalina.connector.CoyoteOutputStream.flush(CoyoteOutputStream.java:118)
	at java.io.FilterOutputStream.flush(FilterOutputStream.java:140)
	at com.fasterxml.jackson.core.json.UTF8JsonGenerator.flush(UTF8JsonGenerator.java:1187)
	at com.fasterxml.jackson.databind.ObjectWriter.writeValue(ObjectWriter.java:1009)
	at org.springframework.http.converter.json.AbstractJackson2HttpMessageConverter.writeInternal(AbstractJackson2HttpMessageConverter.java:456)
	at org.springframework.http.converter.AbstractGenericHttpMessageConverter.write(AbstractGenericHttpMessageConverter.java:104)
	at org.springframework.web.servlet.mvc.method.annotation.AbstractMessageConverterMethodProcessor.writeWithMessageConverters(AbstractMessageConverterMethodProcessor.java:290)
	at org.springframework.web.servlet.mvc.method.annotation.HttpEntityMethodProcessor.handleReturnValue(HttpEntityMethodProcessor.java:219)
	at org.springframework.web.method.support.HandlerMethodReturnValueHandlerComposite.handleReturnValue(HandlerMethodReturnValueHandlerComposite.java:78)
	at org.springframework.web.servlet.mvc.method.annotation.ServletInvocableHandlerMethod.invokeAndHandle(ServletInvocableHandlerMethod.java:135)
	at org.springframework.web.servlet.mvc.method.annotation.RequestMappingHandlerAdapter.invokeHandlerMethod(RequestMappingHandlerAdapter.java:895)
	at org.springframework.web.servlet.mvc.method.annotation.RequestMappingHandlerAdapter.handleInternal(RequestMappingHandlerAdapter.java:808)
	at org.springframework.web.servlet.mvc.method.AbstractHandlerMethodAdapter.handle(AbstractHandlerMethodAdapter.java:87)
	at org.springframework.web.servlet.DispatcherServlet.doDispatch(DispatcherServlet.java:1072)
	at org.springframework.web.servlet.DispatcherServlet.doService(DispatcherServlet.java:965)
	at org.springframework.web.servlet.FrameworkServlet.processRequest(FrameworkServlet.java:1006)
	at org.springframework.web.servlet.FrameworkServlet.doGet(FrameworkServlet.java:898)
	at javax.servlet.http.HttpServlet.service(HttpServlet.java:529)
	at org.springframework.web.servlet.FrameworkServlet.service(FrameworkServlet.java:883)
	at javax.servlet.http.HttpServlet.service(HttpServlet.java:623)
	at org.apache.catalina.core.ApplicationFilterChain.internalDoFilter(ApplicationFilterChain.java:209)
	at org.apache.catalina.core.ApplicationFilterChain.doFilter(ApplicationFilterChain.java:153)
	at org.springframework.web.filter.RequestContextFilter.doFilterInternal(RequestContextFilter.java:100)
	at org.springframework.web.filter.OncePerRequestFilter.doFilter(OncePerRequestFilter.java:117)
	at org.apache.catalina.core.ApplicationFilterChain.internalDoFilter(ApplicationFilterChain.java:178)
	at org.apache.catalina.core.ApplicationFilterChain.doFilter(ApplicationFilterChain.java:153)
	at org.springframework.web.filter.OncePerRequestFilter.doFilter(OncePerRequestFilter.java:102)
	at org.apache.catalina.core.ApplicationFilterChain.internalDoFilter(ApplicationFilterChain.java:178)
	at org.apache.catalina.core.ApplicationFilterChain.doFilter(ApplicationFilterChain.java:153)
	at org.springframework.web.filter.OncePerRequestFilter.doFilter(OncePerRequestFilter.java:102)
	at org.apache.catalina.core.ApplicationFilterChain.internalDoFilter(ApplicationFilterChain.java:178)
	at org.apache.catalina.core.ApplicationFilterChain.doFilter(ApplicationFilterChain.java:153)
	at org.apache.catalina.core.ApplicationDispatcher.invoke(ApplicationDispatcher.java:661)
	at org.apache.catalina.core.ApplicationDispatcher.processRequest(ApplicationDispatcher.java:427)
	at org.apache.catalina.core.ApplicationDispatcher.doForward(ApplicationDispatcher.java:357)
	at org.apache.catalina.core.ApplicationDispatcher.forward(ApplicationDispatcher.java:294)
	at org.apache.catalina.core.StandardHostValve.custom(StandardHostValve.java:373)
	at org.apache.catalina.core.StandardHostValve.status(StandardHostValve.java:237)
	at org.apache.catalina.core.StandardHostValve.invoke(StandardHostValve.java:166)
	at org.apache.catalina.valves.ErrorReportValve.invoke(ErrorReportValve.java:93)
	at org.apache.catalina.core.StandardEngineValve.invoke(StandardEngineValve.java:74)
	at org.apache.catalina.connector.CoyoteAdapter.service(CoyoteAdapter.java:343)
	at org.apache.coyote.http11.Http11Processor.service(Http11Processor.java:390)
	at org.apache.coyote.AbstractProcessorLight.process(AbstractProcessorLight.java:63)
	at org.apache.coyote.AbstractProtocol$ConnectionHandler.process(AbstractProtocol.java:926)
	at org.apache.tomcat.util.net.NioEndpoint$SocketProcessor.doRun(NioEndpoint.java:1791)
	at org.apache.tomcat.util.net.SocketProcessorBase.run(SocketProcessorBase.java:52)
	at org.apache.tomcat.util.threads.ThreadPoolExecutor.runWorker(ThreadPoolExecutor.java:1191)
	at org.apache.tomcat.util.threads.ThreadPoolExecutor$Worker.run(ThreadPoolExecutor.java:659)
	at org.apache.tomcat.util.threads.TaskThread$WrappingRunnable.run(TaskThread.java:61)
	at java.lang.Thread.run(Thread.java:750)
Caused by: java.io.IOException: 你的主机中的软件中止了一个已建立的连接。
	at sun.nio.ch.SocketDispatcher.write0(Native Method)
	at sun.nio.ch.SocketDispatcher.write(SocketDispatcher.java:51)
	at sun.nio.ch.IOUtil.writeFromNativeBuffer(IOUtil.java:93)
	at sun.nio.ch.IOUtil.write(IOUtil.java:65)
	at sun.nio.ch.SocketChannelImpl.write(SocketChannelImpl.java:469)
	at org.apache.tomcat.util.net.NioChannel.write(NioChannel.java:136)
	at org.apache.tomcat.util.net.NioEndpoint$NioSocketWrapper.doWrite(NioEndpoint.java:1431)
	at org.apache.tomcat.util.net.SocketWrapperBase.doWrite(SocketWrapperBase.java:775)
	at org.apache.tomcat.util.net.SocketWrapperBase.flushBlocking(SocketWrapperBase.java:739)
	at org.apache.tomcat.util.net.SocketWrapperBase.flush(SocketWrapperBase.java:723)
	at org.apache.coyote.http11.Http11OutputBuffer$SocketOutputBuffer.flush(Http11OutputBuffer.java:566)
	at org.apache.coyote.http11.filters.ChunkedOutputFilter.flush(ChunkedOutputFilter.java:157)
	at org.apache.coyote.http11.Http11OutputBuffer.flush(Http11OutputBuffer.java:220)
	at org.apache.coyote.http11.Http11Processor.flush(Http11Processor.java:1246)
	at org.apache.coyote.AbstractProcessor.action(AbstractProcessor.java:398)
	at org.apache.coyote.Response.action(Response.java:207)
	at org.apache.catalina.connector.OutputBuffer.doFlush(OutputBuffer.java:305)
	... 52 common frames omitted
24-11-08.01:33:36.727 [SpringApplicationShutdownHook] INFO  HikariDataSource       - HikariPool-1 - Shutdown initiated...
24-11-08.01:33:36.733 [SpringApplicationShutdownHook] INFO  HikariDataSource       - HikariPool-1 - Shutdown completed.
